INFO:sim:172 - Generating IP...
ERROR:sim - The Memory Initialization vector can contain between 1 to Write
Resolving generics for 'memoryDino3'...
Applying external generics to 'memoryDino3'...
Delivering associated files for 'memoryDino3'...
Delivering EJava files for 'memoryDino3'...
Generating implementation netlist for 'memoryDino3'...
INFO:sim - Pre-processing HDL files for 'memoryDino3'...
Running synthesis for 'memoryDino3'
Running ngcbuild...
Writing VHO instantiation template for 'memoryDino3'...
Writing VHDL behavioral simulation model for 'memoryDino3'...
WARNING:sim - Overwriting existing file
   C:/Users/1107521942/Documents/Semana14_VGA/FinalLogica/VGA_Image/ipcore_dir/t
   mp/_cg/memoryDino3/doc/blk_mem_gen_v7_3_vinfo.html with file from view
   xilinx_documentation
Delivered 1 file into directory
C:/Users/1107521942/Documents/Semana14_VGA/FinalLogica/VGA_Image/ipcore_dir/tmp/
_cg/memoryDino3
Generating ASY schematic symbol...
INFO:sim:949 - Finished generation of ASY schematic symbol.
Generating SYM schematic symbol for 'memoryDino3'...
Generating metadata file...
Generating ISE project file for 'memoryDino3'...
Generating ISE project...
XCO file found: memoryDino3.xco
XMDF file found: memoryDino3_xmdf.tcl
Adding
C:/Users/1107521942/Documents/Semana14_VGA/FinalLogica/VGA_Image/ipcore_dir/tmp/
_cg/memoryDino3.asy -view all -origin_type imported
Adding
C:/Users/1107521942/Documents/Semana14_VGA/FinalLogica/VGA_Image/ipcore_dir/tmp/
_cg/memoryDino3.ngc -view all -origin_type created
Checking file
"C:/Users/1107521942/Documents/Semana14_VGA/FinalLogica/VGA_Image/ipcore_dir/tmp
/_cg/memoryDino3.ngc" for project device match ...
File
"C:/Users/1107521942/Documents/Semana14_VGA/FinalLogica/VGA_Image/ipcore_dir/tmp
/_cg/memoryDino3.ngc" device information matches project device.
Adding
C:/Users/1107521942/Documents/Semana14_VGA/FinalLogica/VGA_Image/ipcore_dir/tmp/
_cg/memoryDino3.sym -view all -origin_type imported
Adding
C:/Users/1107521942/Documents/Semana14_VGA/FinalLogica/VGA_Image/ipcore_dir/tmp/
_cg/memoryDino3.vhd -view all -origin_type created
INFO:HDLCompiler:1061 - Parsing VHDL file
   "C:/Users/1107521942/Documents/Semana14_VGA/FinalLogica/VGA_Image/ipcore_dir/
   tmp/_cg/memoryDino3.vhd" into library work
INFO:ProjectMgmt - Parsing design hierarchy completed successfully.
Adding
C:/Users/1107521942/Documents/Semana14_VGA/FinalLogica/VGA_Image/ipcore_dir/tmp/
_cg/memoryDino3.vho -view all -origin_type imported
INFO:TclTasksC:2116 - The automatic calculation of top has been turned-off.
   Please set the new top explicitly by running the "project set top" command.
   To re-calculate the new top automatically, set the "Auto Implementation Top"
   property to true.
Top level has been set to "/memoryDino3"
Generating README file...
Generating FLIST file...
INFO:sim:948 - Finished FLIST file generation.
Launching README viewer...
Moving files to output directory...
Finished moving files to output directory
Wrote CGP file for project 'memoryDino3'.
