    ____  ____
   /   /\/   /
  /___/  \  /    VENDOR      : Xilinx Inc.
  \   \   \/     VERSION     : 14.4 (P.49d)
   \   \         APPLICATION : C:\Xilinx\14.4\ISE_DS\ISE\bin\nt\unwrapped\compxlib.exe
   /   /         CONTENTS    : Compilation Log
  /___/   /\     FILENAME    : compxlib.log
  \   \  /  \    
   \___\/\___\

Release 14.4 - C:\Xilinx\14.4\ISE_DS\ISE\bin\nt\unwrapped\compxlib.exe 14.4 (nt)
Copyright (c) 1995-2012 Xilinx, Inc.  All rights reserved.

Processing command line ...
Library Source Paths => 'C:/Xilinx/14.4/ISE_DS/ISE'
Current Working Directory => 'C:\Users\1107521942\Documents\Semana14_VGA\VGA_Image'
Compilation Mode = FAST
Execute Mode = ON
Scheduling library installation & compilation for architectures: spartan3e

Scheduling library installation & compilation for libraries: simprim unisim xilinxcorelib edk

Signature:-
------------------------------------------------------------------------------
C:\Xilinx\14.4\ISE_DS\ISE\bin\nt\unwrapped\compxlib.exe -s mti_se -l vhdl -arch spartan3e -lib unisim -lib simprim -lib xilinxcorelib -lib edk -exclude_superseded -intstyle ise 
------------------------------------------------------------------------------
ERROR:Compxlib - COMPXLIB[sim]: Unable to automatically find executables for simulator 'mti_se' from the following paths:
    C:\Xilinx\14.4\ISE_DS\ISE\\lib\nt
   C:\Xilinx\14.4\ISE_DS\ISE\\bin\nt
   C:\Xilinx\14.4\ISE_DS\ISE\bin\nt64
   C:\Xilinx\14.4\ISE_DS\ISE\lib\nt64
   C:\Xilinx\14.4\ISE_DS\ISE\..\..\..\DocNav
   C:\Xilinx\Vivado\2012.4\bin
   C:\Xilinx\14.4\ISE_DS\PlanAhead\bin
   C:\Xilinx\14.4\ISE_DS\EDK\bin\nt64
   C:\Xilinx\14.4\ISE_DS\EDK\lib\nt64
   C:\Xilinx\14.4\ISE_DS\EDK\gnu\microblaze\nt64\bin
   C:\Xilinx\14.4\ISE_DS\EDK\gnu\powerpc-eabi\nt64\bin
   C:\Xilinx\14.4\ISE_DS\EDK\gnuwin\bin
   C:\Xilinx\14.4\ISE_DS\EDK\gnu\arm\nt\bin
   C:\Xilinx\14.4\ISE_DS\EDK\gnu\microblaze\linux_toolchain\nt64_be\bin
   C:\Xilinx\14.4\ISE_DS\EDK\gnu\microblaze\linux_toolchain\nt64_le\bin
   C:\Xilinx\14.4\ISE_DS\common\bin\nt64
   C:\Xilinx\14.4\ISE_DS\common\lib\nt64
   C:\Ruby25-x64\bin
   C:\Program Files\PerkinElmerInformatics\ChemOffice2018\ChemScript\Lib
   C:\Program Files (x86)\Common Files\Oracle\Java\javapath
   C:\Windows\system32
   C:\Windows
   C:\Windows\System32\Wbem
   C:\Windows\System32\WindowsPowerShell\v1.0\
   C:\Windows\System32\OpenSSH\
   C:\Program Files (x86)\ATI Technologies\ATI.ACE\Core-Static
   C:\Program Files (x86)\IVI Foundation\VISA\WinNT\Bin
   C:\Program Files\MATLAB\R2018b\bin
   C:\Program Files\dotnet\
   C:\Program Files\Microsoft SQL Server\130\Tools\Binn\
   C:\Program Files\Microsoft VS Code\bin
   C:\ProgramData\SafeExamBrowser\SebClientSettings.seb
   C:\Users\1107521942\AppData\Local\Microsoft\WindowsApps.
Simulator 'mti_se' is ignored.
